<?xml version="1.0" encoding="UTF-8"?>
<!-- Generated by org.testng.reporters.JUnitReportReporter -->
<testsuite skipped="0" hostname="LIN76000136" name="tests.TestSet1_DeliverToScenarios" tests="1" failures="0" timestamp="16 Jun 2020 15:49:19 GMT" time="10.179" errors="0">
  <testcase name="changeLocationForeignCountry" time="10.179" classname="tests.TestSet1_DeliverToScenarios"/>
</testsuite> <!-- tests.TestSet1_DeliverToScenarios -->
