<?xml version="1.0" encoding="UTF-8"?>
<!-- Generated by org.testng.reporters.JUnitReportReporter -->
<testsuite skipped="0" hostname="LIN76000136" name="tests.TestSample" tests="1" failures="0" timestamp="08 Jun 2020 11:00:18 GMT" time="0.006" errors="0">
  <testcase name="Test1" time="0.006" classname="tests.TestSample"/>
</testsuite> <!-- tests.TestSample -->
