<?xml version="1.0" encoding="UTF-8"?>
<!-- Generated by org.testng.reporters.JUnitReportReporter -->
<testsuite skipped="0" hostname="LIN76000136" name="tests.BaseDriver" tests="1" failures="0" timestamp="08 Jun 2020 12:43:56 GMT" time="0.000" errors="0">
  <testcase name="f" time="0.000" classname="tests.BaseDriver"/>
</testsuite> <!-- tests.BaseDriver -->
